2025-01-10 11:45:00,855 - INFO - 開始處理目錄: /Users/circleghost/客戶網站/海定/wwwroot eee
2025-01-10 11:45:00,977 - INFO - 處理檔案: /Users/circleghost/客戶網站/海定/wwwroot eee/rental-document.htm (偵測到的編碼: Big5)
2025-01-10 11:45:01,050 - INFO - 成功處理檔案: /Users/circleghost/客戶網站/海定/wwwroot eee/rental-document.htm
2025-01-10 11:45:01,179 - INFO - 處理檔案: /Users/circleghost/客戶網站/海定/wwwroot eee/screen-27-ViewSonic VX2718-PC-mhd.html (偵測到的編碼: Big5)
2025-01-10 11:45:01,195 - INFO - 成功處理檔案: /Users/circleghost/客戶網站/海定/wwwroot eee/screen-27-ViewSonic VX2718-PC-mhd.html
2025-01-10 11:45:01,333 - INFO - 處理檔案: /Users/circleghost/客戶網站/海定/wwwroot eee/screen-28-VP28UQG.html (偵測到的編碼: Big5)
2025-01-10 11:45:01,347 - INFO - 成功處理檔案: /Users/circleghost/客戶網站/海定/wwwroot eee/screen-28-VP28UQG.html
2025-01-10 11:45:01,468 - INFO - 處理檔案: /Users/circleghost/客戶網站/海定/wwwroot eee/apple-ipad2.html (偵測到的編碼: Big5)
2025-01-10 11:45:01,480 - INFO - 成功處理檔案: /Users/circleghost/客戶網站/海定/wwwroot eee/apple-ipad2.html
2025-01-10 11:45:01,674 - INFO - 處理檔案: /Users/circleghost/客戶網站/海定/wwwroot eee/screen-22-samsungb2230n.htm (偵測到的編碼: Big5)
2025-01-10 11:45:01,689 - INFO - 成功處理檔案: /Users/circleghost/客戶網站/海定/wwwroot eee/screen-22-samsungb2230n.htm
2025-01-10 11:45:01,810 - INFO - 處理檔案: /Users/circleghost/客戶網站/海定/wwwroot eee/touchscreen-acer-t230h.html (偵測到的編碼: Big5)
2025-01-10 11:45:01,821 - INFO - 成功處理檔案: /Users/circleghost/客戶網站/海定/wwwroot eee/touchscreen-acer-t230h.html
2025-01-10 11:45:02,131 - INFO - 處理檔案: /Users/circleghost/客戶網站/海定/wwwroot eee/screen-23-lg23ips235p-bn.htm (偵測到的編碼: Big5)
2025-01-10 11:45:02,180 - INFO - 成功處理檔案: /Users/circleghost/客戶網站/海定/wwwroot eee/screen-23-lg23ips235p-bn.htm
2025-01-10 11:45:02,308 - INFO - 處理檔案: /Users/circleghost/客戶網站/海定/wwwroot eee/led-tv-lg47LM6200.htm (偵測到的編碼: Big5)
2025-01-10 11:45:02,319 - INFO - 成功處理檔案: /Users/circleghost/客戶網站/海定/wwwroot eee/led-tv-lg47LM6200.htm
2025-01-10 11:45:02,436 - INFO - 處理檔案: /Users/circleghost/客戶網站/海定/wwwroot eee/screen-27-VX2757MHD.html (偵測到的編碼: Big5)
2025-01-10 11:45:02,448 - INFO - 成功處理檔案: /Users/circleghost/客戶網站/海定/wwwroot eee/screen-27-VX2757MHD.html
2025-01-10 11:45:02,559 - INFO - 處理檔案: /Users/circleghost/客戶網站/海定/wwwroot eee/apple-iPad-64GB.html (偵測到的編碼: Big5)
2025-01-10 11:45:02,570 - INFO - 成功處理檔案: /Users/circleghost/客戶網站/海定/wwwroot eee/apple-iPad-64GB.html
2025-01-10 11:45:02,696 - INFO - 處理檔案: /Users/circleghost/客戶網站/海定/wwwroot eee/others.htm (偵測到的編碼: Big5)
2025-01-10 11:45:02,709 - INFO - 成功處理檔案: /Users/circleghost/客戶網站/海定/wwwroot eee/others.htm
2025-01-10 11:45:02,841 - INFO - 處理檔案: /Users/circleghost/客戶網站/海定/wwwroot eee/screen-27.html (偵測到的編碼: Big5)
2025-01-10 11:45:02,855 - INFO - 成功處理檔案: /Users/circleghost/客戶網站/海定/wwwroot eee/screen-27.html
2025-01-10 11:45:02,961 - INFO - 處理檔案: /Users/circleghost/客戶網站/海定/wwwroot eee/index.html (偵測到的編碼: Big5)
2025-01-10 11:45:02,973 - INFO - 成功處理檔案: /Users/circleghost/客戶網站/海定/wwwroot eee/index.html
2025-01-10 11:45:03,095 - INFO - 處理檔案: /Users/circleghost/客戶網站/海定/wwwroot eee/screen-22-Philips221V8A.html (偵測到的編碼: Big5)
2025-01-10 11:45:03,115 - INFO - 成功處理檔案: /Users/circleghost/客戶網站/海定/wwwroot eee/screen-22-Philips221V8A.html
2025-01-10 11:45:03,226 - INFO - 處理檔案: /Users/circleghost/客戶網站/海定/wwwroot eee/screen-28-VG280K.html (偵測到的編碼: Big5)
2025-01-10 11:45:03,238 - INFO - 成功處理檔案: /Users/circleghost/客戶網站/海定/wwwroot eee/screen-28-VG280K.html
2025-01-10 11:45:03,350 - INFO - 處理檔案: /Users/circleghost/客戶網站/海定/wwwroot eee/touchscreen-acer-t231h.html (偵測到的編碼: Big5)
2025-01-10 11:45:03,362 - INFO - 成功處理檔案: /Users/circleghost/客戶網站/海定/wwwroot eee/touchscreen-acer-t231h.html
2025-01-10 11:45:03,466 - INFO - 處理檔案: /Users/circleghost/客戶網站/海定/wwwroot eee/contact-highdeal.htm (偵測到的編碼: Big5)
2025-01-10 11:45:03,476 - INFO - 成功處理檔案: /Users/circleghost/客戶網站/海定/wwwroot eee/contact-highdeal.htm
2025-01-10 11:45:03,594 - INFO - 處理檔案: /Users/circleghost/客戶網站/海定/wwwroot eee/screen-24-Philips 241V8W.html (偵測到的編碼: Big5)
2025-01-10 11:45:03,606 - INFO - 成功處理檔案: /Users/circleghost/客戶網站/海定/wwwroot eee/screen-24-Philips 241V8W.html
2025-01-10 11:45:03,737 - INFO - 處理檔案: /Users/circleghost/客戶網站/海定/wwwroot eee/desktop.htm (偵測到的編碼: Big5)
2025-01-10 11:45:03,756 - INFO - 成功處理檔案: /Users/circleghost/客戶網站/海定/wwwroot eee/desktop.htm
2025-01-10 11:45:03,869 - INFO - 處理檔案: /Users/circleghost/客戶網站/海定/wwwroot eee/led-tv-lg42-3d.htm (偵測到的編碼: Big5)
2025-01-10 11:45:03,882 - INFO - 成功處理檔案: /Users/circleghost/客戶網站/海定/wwwroot eee/led-tv-lg42-3d.htm
2025-01-10 11:45:04,079 - INFO - 處理檔案: /Users/circleghost/客戶網站/海定/wwwroot eee/laptop-intermediate.htm (偵測到的編碼: Big5)
2025-01-10 11:45:04,099 - INFO - 成功處理檔案: /Users/circleghost/客戶網站/海定/wwwroot eee/laptop-intermediate.htm
2025-01-10 11:45:04,222 - INFO - 處理檔案: /Users/circleghost/客戶網站/海定/wwwroot eee/screen-19-va903b.htm (偵測到的編碼: Big5)
2025-01-10 11:45:04,235 - INFO - 成功處理檔案: /Users/circleghost/客戶網站/海定/wwwroot eee/screen-19-va903b.htm
2025-01-10 11:45:04,235 - INFO - 處理檔案: /Users/circleghost/客戶網站/海定/wwwroot eee/googled059dd3f1383fefc.html (偵測到的編碼: ascii)
2025-01-10 11:45:04,236 - ERROR - 處理檔案失敗 /Users/circleghost/客戶網站/海定/wwwroot eee/googled059dd3f1383fefc.html: 'NoneType' object has no attribute 'insert'
2025-01-10 11:45:04,341 - INFO - 處理檔案: /Users/circleghost/客戶網站/海定/wwwroot eee/led-tv-philips55PUH6002.html (偵測到的編碼: Big5)
2025-01-10 11:45:04,352 - INFO - 成功處理檔案: /Users/circleghost/客戶網站/海定/wwwroot eee/led-tv-philips55PUH6002.html
2025-01-10 11:45:04,488 - INFO - 處理檔案: /Users/circleghost/客戶網站/海定/wwwroot eee/led-tv-42-43.html (偵測到的編碼: Big5)
2025-01-10 11:45:04,505 - INFO - 成功處理檔案: /Users/circleghost/客戶網站/海定/wwwroot eee/led-tv-42-43.html
2025-01-10 11:45:04,618 - INFO - 處理檔案: /Users/circleghost/客戶網站/海定/wwwroot eee/led-tv-lg4K65UB930T.html (偵測到的編碼: Big5)
2025-01-10 11:45:04,630 - INFO - 成功處理檔案: /Users/circleghost/客戶網站/海定/wwwroot eee/led-tv-lg4K65UB930T.html
2025-01-10 11:45:04,753 - INFO - 處理檔案: /Users/circleghost/客戶網站/海定/wwwroot eee/screen-19-va916.htm (偵測到的編碼: Big5)
2025-01-10 11:45:04,766 - INFO - 成功處理檔案: /Users/circleghost/客戶網站/海定/wwwroot eee/screen-19-va916.htm
2025-01-10 11:45:04,906 - INFO - 處理檔案: /Users/circleghost/客戶網站/海定/wwwroot eee/screen-24.htm (偵測到的編碼: Big5)
2025-01-10 11:45:04,921 - INFO - 成功處理檔案: /Users/circleghost/客戶網站/海定/wwwroot eee/screen-24.htm
2025-01-10 11:45:05,048 - INFO - 處理檔案: /Users/circleghost/客戶網站/海定/wwwroot eee/led-tv-55.html (偵測到的編碼: Big5)
2025-01-10 11:45:05,063 - INFO - 成功處理檔案: /Users/circleghost/客戶網站/海定/wwwroot eee/led-tv-55.html
2025-01-10 11:45:05,189 - INFO - 處理檔案: /Users/circleghost/客戶網站/海定/wwwroot eee/screen-19.htm (偵測到的編碼: Big5)
2025-01-10 11:45:05,202 - INFO - 成功處理檔案: /Users/circleghost/客戶網站/海定/wwwroot eee/screen-19.htm
2025-01-10 11:45:05,321 - INFO - 處理檔案: /Users/circleghost/客戶網站/海定/wwwroot eee/screen-22-Philips223V5LHSW.html (偵測到的編碼: Big5)
2025-01-10 11:45:05,333 - INFO - 成功處理檔案: /Users/circleghost/客戶網站/海定/wwwroot eee/screen-22-Philips223V5LHSW.html
2025-01-10 11:45:05,481 - INFO - 處理檔案: /Users/circleghost/客戶網站/海定/wwwroot eee/laptop-basic.htm (偵測到的編碼: Big5)
2025-01-10 11:45:05,499 - INFO - 成功處理檔案: /Users/circleghost/客戶網站/海定/wwwroot eee/laptop-basic.htm
2025-01-10 11:45:05,603 - INFO - 處理檔案: /Users/circleghost/客戶網站/海定/wwwroot eee/led-tv-Toshiba4K43U7000VS.html (偵測到的編碼: Big5)
2025-01-10 11:45:05,614 - INFO - 成功處理檔案: /Users/circleghost/客戶網站/海定/wwwroot eee/led-tv-Toshiba4K43U7000VS.html
2025-01-10 11:45:05,726 - INFO - 處理檔案: /Users/circleghost/客戶網站/海定/wwwroot eee/apple-iPad Pro 64GB.html (偵測到的編碼: Big5)
2025-01-10 11:45:05,738 - INFO - 成功處理檔案: /Users/circleghost/客戶網站/海定/wwwroot eee/apple-iPad Pro 64GB.html
2025-01-10 11:45:05,849 - INFO - 處理檔案: /Users/circleghost/客戶網站/海定/wwwroot eee/touchscreen-42lcdtv.html (偵測到的編碼: Big5)
2025-01-10 11:45:05,861 - INFO - 成功處理檔案: /Users/circleghost/客戶網站/海定/wwwroot eee/touchscreen-42lcdtv.html
2025-01-10 11:45:05,969 - INFO - 處理檔案: /Users/circleghost/客戶網站/海定/wwwroot eee/rental-process.htm (偵測到的編碼: Big5)
2025-01-10 11:45:05,980 - INFO - 成功處理檔案: /Users/circleghost/客戶網站/海定/wwwroot eee/rental-process.htm
2025-01-10 11:45:06,677 - INFO - 處理檔案: /Users/circleghost/客戶網站/海定/wwwroot eee/screen-22.htm (偵測到的編碼: Big5)
2025-01-10 11:45:06,704 - INFO - 成功處理檔案: /Users/circleghost/客戶網站/海定/wwwroot eee/screen-22.htm
2025-01-10 11:45:06,838 - INFO - 處理檔案: /Users/circleghost/客戶網站/海定/wwwroot eee/led-tv-42.htm (偵測到的編碼: Big5)
2025-01-10 11:45:06,860 - INFO - 成功處理檔案: /Users/circleghost/客戶網站/海定/wwwroot eee/led-tv-42.htm
2025-01-10 11:45:06,980 - INFO - 處理檔案: /Users/circleghost/客戶網站/海定/wwwroot eee/screen-23.htm (偵測到的編碼: Big5)
2025-01-10 11:45:06,991 - INFO - 成功處理檔案: /Users/circleghost/客戶網站/海定/wwwroot eee/screen-23.htm
2025-01-10 11:45:07,112 - INFO - 處理檔案: /Users/circleghost/客戶網站/海定/wwwroot eee/touchscreen.html (偵測到的編碼: Big5)
2025-01-10 11:45:07,124 - INFO - 成功處理檔案: /Users/circleghost/客戶網站/海定/wwwroot eee/touchscreen.html
2025-01-10 11:45:07,238 - INFO - 處理檔案: /Users/circleghost/客戶網站/海定/wwwroot eee/led-tv-lg32.htm (偵測到的編碼: Big5)
2025-01-10 11:45:07,250 - INFO - 成功處理檔案: /Users/circleghost/客戶網站/海定/wwwroot eee/led-tv-lg32.htm
2025-01-10 11:45:07,341 - INFO - 處理檔案: /Users/circleghost/客戶網站/海定/wwwroot eee/performance.htm (偵測到的編碼: Big5)
2025-01-10 11:45:07,362 - INFO - 成功處理檔案: /Users/circleghost/客戶網站/海定/wwwroot eee/performance.htm
2025-01-10 11:45:07,483 - INFO - 處理檔案: /Users/circleghost/客戶網站/海定/wwwroot eee/screen-19-va903m.htm (偵測到的編碼: Big5)
2025-01-10 11:45:07,494 - INFO - 成功處理檔案: /Users/circleghost/客戶網站/海定/wwwroot eee/screen-19-va903m.htm
2025-01-10 11:45:07,606 - INFO - 處理檔案: /Users/circleghost/客戶網站/海定/wwwroot eee/led-tv-lg55LB5800.htm (偵測到的編碼: Big5)
2025-01-10 11:45:07,617 - INFO - 成功處理檔案: /Users/circleghost/客戶網站/海定/wwwroot eee/led-tv-lg55LB5800.htm
2025-01-10 11:45:07,745 - INFO - 處理檔案: /Users/circleghost/客戶網站/海定/wwwroot eee/screen-28.html (偵測到的編碼: Big5)
2025-01-10 11:45:07,758 - INFO - 成功處理檔案: /Users/circleghost/客戶網站/海定/wwwroot eee/screen-28.html
2025-01-10 11:45:07,875 - INFO - 處理檔案: /Users/circleghost/客戶網站/海定/wwwroot eee/screen-24-ViewSonic VX2452mh.html (偵測到的編碼: Big5)
2025-01-10 11:45:07,886 - INFO - 成功處理檔案: /Users/circleghost/客戶網站/海定/wwwroot eee/screen-24-ViewSonic VX2452mh.html
2025-01-10 11:45:08,162 - INFO - 處理檔案: /Users/circleghost/客戶網站/海定/wwwroot eee/led-tv.htm (偵測到的編碼: Big5)
2025-01-10 11:45:08,188 - INFO - 成功處理檔案: /Users/circleghost/客戶網站/海定/wwwroot eee/led-tv.htm
2025-01-10 11:45:08,308 - INFO - 處理檔案: /Users/circleghost/客戶網站/海定/wwwroot eee/screen-27-CE2742V.html (偵測到的編碼: Big5)
2025-01-10 11:45:08,321 - INFO - 成功處理檔案: /Users/circleghost/客戶網站/海定/wwwroot eee/screen-27-CE2742V.html
2025-01-10 11:45:08,429 - INFO - 處理檔案: /Users/circleghost/客戶網站/海定/wwwroot eee/led-tv-Philips65PUH6052.html (偵測到的編碼: Big5)
2025-01-10 11:45:08,442 - INFO - 成功處理檔案: /Users/circleghost/客戶網站/海定/wwwroot eee/led-tv-Philips65PUH6052.html
2025-01-10 11:45:08,636 - INFO - 處理檔案: /Users/circleghost/客戶網站/海定/wwwroot eee/laptop-advanced.htm (偵測到的編碼: Big5)
2025-01-10 11:45:08,662 - INFO - 成功處理檔案: /Users/circleghost/客戶網站/海定/wwwroot eee/laptop-advanced.htm
2025-01-10 11:45:08,797 - INFO - 處理檔案: /Users/circleghost/客戶網站/海定/wwwroot eee/laptop.htm (偵測到的編碼: Big5)
2025-01-10 11:45:08,816 - INFO - 成功處理檔案: /Users/circleghost/客戶網站/海定/wwwroot eee/laptop.htm
2025-01-10 11:45:08,937 - INFO - 處理檔案: /Users/circleghost/客戶網站/海定/wwwroot eee/led-tv-lg42.htm (偵測到的編碼: Big5)
2025-01-10 11:45:08,949 - INFO - 成功處理檔案: /Users/circleghost/客戶網站/海定/wwwroot eee/led-tv-lg42.htm
2025-01-10 11:45:09,059 - INFO - 處理檔案: /Users/circleghost/客戶網站/海定/wwwroot eee/others-projector.html (偵測到的編碼: Big5)
2025-01-10 11:45:09,072 - INFO - 成功處理檔案: /Users/circleghost/客戶網站/海定/wwwroot eee/others-projector.html
2025-01-10 11:45:09,185 - INFO - 處理檔案: /Users/circleghost/客戶網站/海定/wwwroot eee/led-tv-lg42LM6400.htm (偵測到的編碼: Big5)
2025-01-10 11:45:09,197 - INFO - 成功處理檔案: /Users/circleghost/客戶網站/海定/wwwroot eee/led-tv-lg42LM6400.htm
2025-01-10 11:45:09,336 - INFO - 處理檔案: /Users/circleghost/客戶網站/海定/wwwroot eee/screen.htm (偵測到的編碼: Big5)
2025-01-10 11:45:09,351 - INFO - 成功處理檔案: /Users/circleghost/客戶網站/海定/wwwroot eee/screen.htm
2025-01-10 11:45:09,456 - INFO - 處理檔案: /Users/circleghost/客戶網站/海定/wwwroot eee/led-tv-lg4K43UP771C0WB.html (偵測到的編碼: Big5)
2025-01-10 11:45:09,468 - INFO - 成功處理檔案: /Users/circleghost/客戶網站/海定/wwwroot eee/led-tv-lg4K43UP771C0WB.html
2025-01-10 11:45:09,594 - INFO - 處理檔案: /Users/circleghost/客戶網站/海定/wwwroot eee/apple.html (偵測到的編碼: Big5)
2025-01-10 11:45:09,607 - INFO - 成功處理檔案: /Users/circleghost/客戶網站/海定/wwwroot eee/apple.html
2025-01-10 11:45:09,724 - INFO - 處理檔案: /Users/circleghost/客戶網站/海定/wwwroot eee/screen-24-Dell P2419H.html (偵測到的編碼: Big5)
2025-01-10 11:45:09,736 - INFO - 成功處理檔案: /Users/circleghost/客戶網站/海定/wwwroot eee/screen-24-Dell P2419H.html
2025-01-10 11:45:09,854 - INFO - 處理檔案: /Users/circleghost/客戶網站/海定/wwwroot eee/screen-27-VX2756SML.htm (偵測到的編碼: Big5)
2025-01-10 11:45:09,866 - INFO - 成功處理檔案: /Users/circleghost/客戶網站/海定/wwwroot eee/screen-27-VX2756SML.htm
2025-01-10 11:45:09,870 - INFO - 
=== 轉換摘要 ===
2025-01-10 11:45:09,870 - INFO - 成功處理的檔案數: 58
2025-01-10 11:45:09,870 - INFO - 失敗的檔案數: 1
2025-01-10 11:45:09,870 - INFO - 編碼問題檔案數: 0
2025-01-10 11:45:09,870 - INFO - Meta 標籤更新檔案數: 58
2025-01-10 11:45:09,870 - INFO - 詳細報告已儲存至: conversion_logs/report_20250110_114500.json
2025-01-10 11:45:09,870 - ERROR - 
=== 失敗檔案清單 ===
2025-01-10 11:45:09,870 - ERROR - 檔案: /Users/circleghost/客戶網站/海定/wwwroot eee/googled059dd3f1383fefc.html
2025-01-10 11:45:09,870 - ERROR - 錯誤: 'NoneType' object has no attribute 'insert'

